
> finance-web@0.1.0 dev
> next dev

▲ Next.js 16.2.3 (Turbopack)
- Local:         http://localhost:3000
- Network:       http://10.100.100.4:3000
- Environments: .env
✓ Ready in 4.5s

○ Compiling / ...
 GET / 307 in 13.2s (next.js: 12.1s, application-code: 1060ms)
 GET /register 200 in 12.8s (next.js: 12.5s, application-code: 315ms)
 GET /login 200 in 1042ms (next.js: 914ms, application-code: 128ms)
⨯ TypeError: Failed to parse body as FormData.
    at ignore-listed frames {
  [cause]: TypeError: name attribute is required in content-disposition header
      at ignore-listed frames
}
⨯ TypeError: Failed to parse body as FormData.
    at ignore-listed frames {
  page: '/register',
  [cause]: TypeError: name attribute is required in content-disposition header
      at ignore-listed frames
}
 POST /register 500 in 2.4s (next.js: 2.1s, application-code: 299ms)
 GET /login 200 in 51ms (next.js: 5ms, application-code: 47ms)
⚠ Missing `origin` header from a forwarded Server Actions request.
 POST /register 303 in 1912ms (next.js: 53ms, application-code: 1859ms)
 GET /register 200 in 2.5s (next.js: 50ms, application-code: 2.5s)
 GET /dashboard 200 in 2.4s (next.js: 1748ms, application-code: 643ms)
 GET /categories 200 in 818ms (next.js: 525ms, application-code: 293ms)
 GET /categories 307 in 69ms (next.js: 8ms, application-code: 60ms)
 GET /login 200 in 52ms (next.js: 8ms, application-code: 44ms)
 GET /transactions 307 in 634ms (next.js: 540ms, application-code: 93ms)
 GET /login 200 in 112ms (next.js: 17ms, application-code: 95ms)
 GET /register 200 in 60ms (next.js: 7ms, application-code: 53ms)
 GET /register 200 in 82ms (next.js: 7ms, application-code: 76ms)
 GET /dashboard 307 in 125ms (next.js: 11ms, application-code: 114ms)
 GET /login 200 in 93ms (next.js: 7ms, application-code: 86ms)
 GET /categories 307 in 124ms (next.js: 5ms, application-code: 119ms)
 GET /login 200 in 113ms (next.js: 8ms, application-code: 105ms)
 GET /categories 307 in 138ms (next.js: 14ms, application-code: 124ms)
 GET /login 200 in 120ms (next.js: 15ms, application-code: 105ms)
 GET /categories 307 in 116ms (next.js: 6ms, application-code: 109ms)
 GET /login 200 in 117ms (next.js: 7ms, application-code: 110ms)
 GET /transactions 307 in 110ms (next.js: 11ms, application-code: 99ms)
 GET /login 200 in 112ms (next.js: 10ms, application-code: 102ms)
 GET /transactions 307 in 90ms (next.js: 4ms, application-code: 86ms)
 GET /login 200 in 105ms (next.js: 9ms, application-code: 96ms)
 GET /dashboard 307 in 74ms (next.js: 6ms, application-code: 68ms)
 GET /login 200 in 89ms (next.js: 6ms, application-code: 83ms)
 GET /transactions 307 in 76ms (next.js: 7ms, application-code: 68ms)
 GET /login 200 in 63ms (next.js: 5ms, application-code: 58ms)
 GET /transactions 307 in 72ms (next.js: 6ms, application-code: 66ms)
 GET /login 200 in 70ms (next.js: 6ms, application-code: 64ms)
 GET /categories 307 in 96ms (next.js: 8ms, application-code: 88ms)
 GET /login 200 in 89ms (next.js: 5ms, application-code: 84ms)
 GET /dashboard 307 in 91ms (next.js: 7ms, application-code: 84ms)
 GET /login 200 in 94ms (next.js: 7ms, application-code: 87ms)
 GET /dashboard 307 in 96ms (next.js: 6ms, application-code: 90ms)
 GET /login 200 in 74ms (next.js: 5ms, application-code: 69ms)
 GET /login 200 in 86ms (next.js: 9ms, application-code: 77ms)
 GET /dashboard 307 in 93ms (next.js: 4ms, application-code: 89ms)
 GET /login 200 in 84ms (next.js: 6ms, application-code: 78ms)
 POST /register 303 in 413ms (next.js: 10ms, application-code: 403ms)
 GET /register 200 in 83ms (next.js: 5ms, application-code: 78ms)
⨯ Error: Failed to find Server Action. This request might be from an older or newer deployment.
Read more: https://nextjs.org/docs/messages/failed-to-find-server-action
    at ignore-listed frames
⨯ Error: Failed to find Server Action. This request might be from an older or newer deployment.
Read more: https://nextjs.org/docs/messages/failed-to-find-server-action
    at ignore-listed frames {
  page: '/register'
}
 POST /register 500 in 766ms (next.js: 733ms, application-code: 32ms)
 GET /dashboard 307 in 72ms (next.js: 5ms, application-code: 66ms)
 GET /categories 307 in 77ms (next.js: 9ms, application-code: 68ms)
 GET /categories 307 in 81ms (next.js: 5ms, application-code: 76ms)
 GET /categories 307 in 88ms (next.js: 7ms, application-code: 81ms)
 GET /transactions 307 in 70ms (next.js: 5ms, application-code: 65ms)
 GET /transactions 307 in 72ms (next.js: 9ms, application-code: 63ms)
 GET /dashboard 307 in 66ms (next.js: 5ms, application-code: 61ms)
 GET /transactions 307 in 67ms (next.js: 4ms, application-code: 63ms)
 GET /transactions 307 in 70ms (next.js: 5ms, application-code: 65ms)
 GET /categories 307 in 80ms (next.js: 7ms, application-code: 73ms)
 GET /dashboard 307 in 87ms (next.js: 4ms, application-code: 83ms)
⨯ TypeError: Failed to parse body as FormData.
    at ignore-listed frames {
  [cause]: TypeError: name attribute is required in content-disposition header
      at ignore-listed frames
}
⨯ TypeError: Failed to parse body as FormData.
    at ignore-listed frames {
  page: '/dashboard',
  [cause]: TypeError: name attribute is required in content-disposition header
      at ignore-listed frames
}
 POST /dashboard 500 in 36ms (next.js: 24ms, application-code: 12ms)
 GET /dashboard 307 in 102ms (next.js: 6ms, application-code: 96ms)
 GET /login 200 in 88ms (next.js: 6ms, application-code: 82ms)
⨯ Error: Failed to find Server Action. This request might be from an older or newer deployment.
Read more: https://nextjs.org/docs/messages/failed-to-find-server-action
    at ignore-listed frames
⨯ Error: Failed to find Server Action. This request might be from an older or newer deployment.
Read more: https://nextjs.org/docs/messages/failed-to-find-server-action
    at ignore-listed frames {
  page: '/login'
}
 POST /login 500 in 740ms (next.js: 723ms, application-code: 16ms)
 GET /dashboard 307 in 118ms (next.js: 10ms, application-code: 108ms)
 GET /register 200 in 192ms (next.js: 15ms, application-code: 177ms)
 GET /register 200 in 110ms (next.js: 9ms, application-code: 101ms)
⨯ Error: Failed to find Server Action. This request might be from an older or newer deployment.
Read more: https://nextjs.org/docs/messages/failed-to-find-server-action
    at ignore-listed frames
⨯ Error: Failed to find Server Action. This request might be from an older or newer deployment.
Read more: https://nextjs.org/docs/messages/failed-to-find-server-action
    at ignore-listed frames {
  page: '/register'
}
 POST /register 500 in 909ms (next.js: 894ms, application-code: 16ms)
 GET /register 200 in 114ms (next.js: 15ms, application-code: 99ms)
 GET /register 200 in 193ms (next.js: 12ms, application-code: 181ms)
 GET /register 200 in 203ms (next.js: 84ms, application-code: 119ms)
⨯ Error: Failed to find Server Action. This request might be from an older or newer deployment.
Read more: https://nextjs.org/docs/messages/failed-to-find-server-action
    at ignore-listed frames
⨯ Error: Failed to find Server Action. This request might be from an older or newer deployment.
Read more: https://nextjs.org/docs/messages/failed-to-find-server-action
    at ignore-listed frames {
  page: '/register'
}
 POST /register 500 in 1067ms (next.js: 1048ms, application-code: 19ms)
 GET /dashboard 307 in 100ms (next.js: 7ms, application-code: 92ms)
 GET /categories 307 in 164ms (next.js: 5ms, application-code: 159ms)
 GET /categories 307 in 251ms (next.js: 8ms, application-code: 242ms)
 GET /categories 307 in 119ms (next.js: 5ms, application-code: 114ms)
 GET /transactions 307 in 120ms (next.js: 10ms, application-code: 110ms)
 GET /transactions 307 in 121ms (next.js: 11ms, application-code: 110ms)
 GET /dashboard 307 in 124ms (next.js: 8ms, application-code: 116ms)
 GET /transactions 307 in 98ms (next.js: 6ms, application-code: 92ms)
 GET /transactions 307 in 111ms (next.js: 4ms, application-code: 106ms)
 GET /categories 307 in 114ms (next.js: 4ms, application-code: 110ms)
 GET /dashboard 307 in 86ms (next.js: 5ms, application-code: 81ms)
⨯ TypeError: Failed to parse body as FormData.
    at ignore-listed frames {
  [cause]: TypeError: name attribute is required in content-disposition header
      at ignore-listed frames
}
⨯ TypeError: Failed to parse body as FormData.
    at ignore-listed frames {
  page: '/dashboard',
  [cause]: TypeError: name attribute is required in content-disposition header
      at ignore-listed frames
}
 POST /dashboard 500 in 78ms (next.js: 53ms, application-code: 24ms)
 GET /dashboard 307 in 127ms (next.js: 18ms, application-code: 110ms)
 GET /login 200 in 114ms (next.js: 10ms, application-code: 104ms)
⨯ Error: Failed to find Server Action. This request might be from an older or newer deployment.
Read more: https://nextjs.org/docs/messages/failed-to-find-server-action
    at ignore-listed frames
⨯ Error: Failed to find Server Action. This request might be from an older or newer deployment.
Read more: https://nextjs.org/docs/messages/failed-to-find-server-action
    at ignore-listed frames {
  page: '/login'
}
 POST /login 500 in 925ms (next.js: 912ms, application-code: 13ms)
 GET /dashboard 307 in 65ms (next.js: 8ms, application-code: 57ms)
 GET /categories 200 in 412ms (next.js: 11ms, application-code: 400ms)
 GET /dashboard 200 in 379ms (next.js: 10ms, application-code: 369ms)
 GET /transactions 200 in 388ms (next.js: 52ms, application-code: 337ms)
 GET /categories 200 in 267ms (next.js: 15ms, application-code: 251ms)
 GET /transactions 200 in 356ms (next.js: 9ms, application-code: 347ms)
 GET /dashboard 200 in 246ms (next.js: 20ms, application-code: 226ms)
 POST /categories 303 in 78ms (next.js: 15ms, application-code: 62ms)
 GET /categories 200 in 153ms (next.js: 6ms, application-code: 148ms)
 POST /transactions 303 in 55ms (next.js: 7ms, application-code: 49ms)
 GET /transactions 200 in 197ms (next.js: 4ms, application-code: 192ms)
The width(-1) and height(-1) of chart should be greater than 0,
       please check the style of container, or the props width(100%) and height(100%),
       or add a minWidth(0) or minHeight(undefined) or use aspect(undefined) to control the
       height and width.
 GET /dashboard 200 in 162ms (next.js: 8ms, application-code: 154ms)
 POST /categories 303 in 58ms (next.js: 7ms, application-code: 51ms)
 POST /categories 303 in 37ms (next.js: 9ms, application-code: 28ms)
 GET /categories 200 in 98ms (next.js: 3ms, application-code: 95ms)
 POST /transactions 303 in 115ms (next.js: 14ms, application-code: 101ms)
 GET /transactions 200 in 144ms (next.js: 12ms, application-code: 132ms)
 POST /transactions 303 in 44ms (next.js: 6ms, application-code: 38ms)
 GET /transactions 200 in 111ms (next.js: 8ms, application-code: 102ms)
 POST /categories 303 in 47ms (next.js: 10ms, application-code: 37ms)
 GET /categories 200 in 160ms (next.js: 3ms, application-code: 157ms)
 POST /dashboard 303 in 46ms (next.js: 8ms, application-code: 38ms)
 GET /login 200 in 107ms (next.js: 8ms, application-code: 99ms)
 GET /dashboard 307 in 71ms (next.js: 5ms, application-code: 66ms)
 POST /login 303 in 350ms (next.js: 5ms, application-code: 345ms)
 POST /login 303 in 348ms (next.js: 9ms, application-code: 339ms)
 GET /dashboard 200 in 102ms (next.js: 11ms, application-code: 92ms)
✓ Compiled in 269ms
